<?xml version="1.0" encoding="UTF-8"?>
<testng-results ignored="0" total="1" passed="1" failed="0" skipped="0">
  <reporter-output>
  </reporter-output>
  <suite started-at="2025-03-09T22:42:54 EET" name="Surefire suite" finished-at="2025-03-09T22:43:11 EET" duration-ms="16459">
    <groups>
    </groups>
    <test started-at="2025-03-09T22:42:54 EET" name="Surefire test" finished-at="2025-03-09T22:43:11 EET" duration-ms="16459">
      <class name="tests.browseAndAdd">
        <test-method signature="browseTest() throws java.lang.InterruptedException" started-at="2025-03-09T22:42:54 EET" name="browseTest" finished-at="2025-03-09T22:43:11 EET" duration-ms="16395" status="PASS">
          <reporter-output>
          </reporter-output>
        </test-method> <!-- browseTest -->
      </class> <!-- tests.browseAndAdd -->
    </test> <!-- Surefire test -->
  </suite> <!-- Surefire suite -->
</testng-results>
